<?xml version="1.0" encoding="UTF-8"?>
<!-- Generated by org.testng.reporters.JUnitXMLReporter -->
<testsuite ignored="4" hostname="Saketh-Laptop" failures="0" tests="1" name="Default test" time="7.396" errors="0" timestamp="2025-08-08T22:24:57 CEST">
  <testcase classname="com.automation.tests.Login" name="verifyLoginWithInvalidEmailandValidPassword" time="1.627"/>
  <testcase classname="com.automation.tests.Login" name="verifyloginwithoutCredentials" time="0.0">
    <ignored/>
  </testcase> <!-- verifyloginwithoutCredentials -->
  <testcase classname="com.automation.tests.Login" name="verifyLoginWithInvalidCredentials" time="0.0">
    <ignored/>
  </testcase> <!-- verifyLoginWithInvalidCredentials -->
  <testcase classname="com.automation.tests.Login" name="verifyLoginWithValidEmailandInvalidPassword" time="0.0">
    <ignored/>
  </testcase> <!-- verifyLoginWithValidEmailandInvalidPassword -->
  <testcase classname="com.automation.tests.Login" name="verifyLoginWithValidCredentials" time="0.0">
    <ignored/>
  </testcase> <!-- verifyLoginWithValidCredentials -->
</testsuite> <!-- Default test -->
