<?xml version="1.0" encoding="UTF-8"?>
<!-- Generated by org.testng.reporters.JUnitXMLReporter -->
<testsuite ignored="0" hostname="Saketh-Laptop" failures="0" tests="12" name="selenium-automation Test" time="91.517" errors="0" timestamp="2025-08-16T18:56:20 CEST">
  <testcase classname="com.automation.tests.Register" name="verifyRegisteringandAccountWithMandatoryFields" time="3.162"/>
  <testcase classname="com.automation.tests.Register" name="verifyRegisteringandAccountByProvidingAllFields" time="5.576"/>
  <testcase classname="com.automation.tests.Register" name="verifyRegisteringAccountwithExistingEmail" time="2.996"/>
  <testcase classname="com.automation.tests.Register" name="verifyRegisteringAccountwithoutFillingAnyDetails" time="1.163"/>
  <testcase classname="com.automation.tests.Login" name="verifyLoginWithValidCredentials" time="1.879"/>
  <testcase classname="com.automation.tests.Login" name="verifyLoginWithInvalidCredentials" time="2.18"/>
  <testcase classname="com.automation.tests.Login" name="verifyLoginWithInvalidEmailandValidPassword" time="2.191"/>
  <testcase classname="com.automation.tests.Login" name="verifyLoginWithValidEmailandInvalidPassword" time="1.562"/>
  <testcase classname="com.automation.tests.Login" name="verifyloginwithoutCredentials" time="1.082"/>
  <testcase classname="com.automation.tests.Search" name="verifySearchwithValidProduct" time="1.041"/>
  <testcase classname="com.automation.tests.Search" name="verifySearchwithInvalidProduct" time="0.855"/>
  <testcase classname="com.automation.tests.Search" name="verifySearchwithoutProduct" time="0.68"/>
</testsuite> <!-- selenium-automation Test -->
