<?xml version="1.0" encoding="UTF-8"?>
<testng-results ignored="4" total="5" passed="1" failed="0" skipped="0">
  <reporter-output>
  </reporter-output>
  <suite started-at="2025-08-08T22:24:49 CEST" name="Default suite" finished-at="2025-08-08T22:24:57 CEST" duration-ms="7396">
    <groups>
    </groups>
    <test started-at="2025-08-08T22:24:49 CEST" name="Default test" finished-at="2025-08-08T22:24:57 CEST" duration-ms="7396">
      <class name="com.automation.tests.Login">
        <test-method is-config="true" signature="setup()[pri:0, instance:com.automation.tests.Login@48f2bd5b]" started-at="2025-08-08T22:24:49 CEST" name="setup" finished-at="2025-08-08T22:24:55 CEST" duration-ms="5418" status="PASS">
          <reporter-output>
          </reporter-output>
        </test-method> <!-- setup -->
        <test-method signature="verifyLoginWithInvalidEmailandValidPassword()[pri:3, instance:com.automation.tests.Login@48f2bd5b]" started-at="2025-08-08T22:24:55 CEST" name="verifyLoginWithInvalidEmailandValidPassword" finished-at="2025-08-08T22:24:56 CEST" duration-ms="1627" status="PASS">
          <reporter-output>
          </reporter-output>
        </test-method> <!-- verifyLoginWithInvalidEmailandValidPassword -->
        <test-method is-config="true" signature="tearDown()[pri:0, instance:com.automation.tests.Login@48f2bd5b]" started-at="2025-08-08T22:24:56 CEST" name="tearDown" finished-at="2025-08-08T22:24:57 CEST" duration-ms="265" status="PASS">
          <reporter-output>
          </reporter-output>
        </test-method> <!-- tearDown -->
      </class> <!-- com.automation.tests.Login -->
    </test> <!-- Default test -->
  </suite> <!-- Default suite -->
</testng-results>
