<?xml version="1.0" encoding="UTF-8"?>
<!-- Generated by org.testng.reporters.JUnitReportReporter -->
<testsuite hostname="Saketh-Laptop" failures="0" tests="5" name="com.automation.tests.Login" time="35.084" errors="0" timestamp="2025-08-16T18:56:20 CEST" skipped="0">
  <testcase classname="com.automation.tests.Login" name="verifyLoginWithValidCredentials" time="7.070"/>
  <testcase classname="com.automation.tests.Login" name="verifyLoginWithInvalidCredentials" time="7.464"/>
  <testcase classname="com.automation.tests.Login" name="verifyLoginWithInvalidEmailandValidPassword" time="7.430"/>
  <testcase classname="com.automation.tests.Login" name="verifyLoginWithValidEmailandInvalidPassword" time="6.731"/>
  <testcase classname="com.automation.tests.Login" name="verifyloginwithoutCredentials" time="6.389"/>
</testsuite> <!-- com.automation.tests.Login -->
