<?xml version="1.0" encoding="UTF-8"?>
<!-- Generated by org.testng.reporters.JUnitReportReporter -->
<testsuite hostname="Saketh-Laptop" failures="0" tests="5" name="tests.Login" time="35.245" errors="0" timestamp="2025-08-08T11:17:23 CEST" skipped="0">
  <testcase classname="tests.Login" name="verifyLoginWithValidCredentials" time="6.251"/>
  <testcase classname="tests.Login" name="verifyLoginWithInvalidCredentials" time="10.141"/>
  <testcase classname="tests.Login" name="verifyLoginWithInvalidEmailandValidPassword" time="6.116"/>
  <testcase classname="tests.Login" name="verifyLoginWithValidEmailandInvalidPassword" time="6.567"/>
  <testcase classname="tests.Login" name="verifyloginwithoutCredentials" time="6.170"/>
</testsuite> <!-- tests.Login -->
