<?xml version="1.0" encoding="UTF-8"?>
<!-- Generated by org.testng.reporters.JUnitReportReporter -->
<testsuite hostname="Saketh-Laptop" failures="0" tests="3" name="com.automation.tests.Search" time="16.197" errors="0" timestamp="2025-08-16T18:56:20 CEST" skipped="0">
  <testcase classname="com.automation.tests.Search" name="verifySearchwithValidProduct" time="5.530"/>
  <testcase classname="com.automation.tests.Search" name="verifySearchwithInvalidProduct" time="5.456"/>
  <testcase classname="com.automation.tests.Search" name="verifySearchwithoutProduct" time="5.211"/>
</testsuite> <!-- com.automation.tests.Search -->
