<?xml version="1.0" encoding="UTF-8"?>
<!-- Generated by org.testng.reporters.JUnitReportReporter -->
<testsuite hostname="Saketh-Laptop" failures="0" tests="4" name="com.automation.tests.Register" time="39.435" errors="0" timestamp="2025-08-16T18:56:20 CEST" skipped="0">
  <testcase classname="com.automation.tests.Register" name="verifyRegisteringandAccountWithMandatoryFields" time="8.955"/>
  <testcase classname="com.automation.tests.Register" name="verifyRegisteringandAccountByProvidingAllFields" time="15.045"/>
  <testcase classname="com.automation.tests.Register" name="verifyRegisteringAccountwithExistingEmail" time="8.464"/>
  <testcase classname="com.automation.tests.Register" name="verifyRegisteringAccountwithoutFillingAnyDetails" time="6.971"/>
</testsuite> <!-- com.automation.tests.Register -->
