<?xml version="1.0" encoding="UTF-8"?>
<!-- Generated by org.testng.reporters.JUnitReportReporter -->
<testsuite hostname="Saketh-Laptop" failures="0" tests="4" name="tests.Register" time="30.971" errors="0" timestamp="2025-08-08T11:18:02 CEST" skipped="0">
  <testcase classname="tests.Register" name="verifyRegisteringandAccountWithMandatoryFields" time="7.802"/>
  <testcase classname="tests.Register" name="verifyRegisteringandAccountByProvidingAllFields" time="9.626"/>
  <testcase classname="tests.Register" name="verifyRegisteringAccountwithExistingEmail" time="7.559"/>
  <testcase classname="tests.Register" name="verifyRegisteringAccountwithoutFillingAnyDetails" time="5.984"/>
</testsuite> <!-- tests.Register -->
