<?xml version="1.0" encoding="UTF-8"?>
<!-- Generated by org.testng.reporters.JUnitReportReporter -->
<testsuite hostname="Saketh-Laptop" failures="0" tests="4" name="com.automation.tests.Register" time="31.139" errors="0" timestamp="2025-08-08T22:22:51 CEST" skipped="0">
  <testcase classname="com.automation.tests.Register" name="verifyRegisteringandAccountWithMandatoryFields" time="8.331"/>
  <testcase classname="com.automation.tests.Register" name="verifyRegisteringandAccountByProvidingAllFields" time="8.046"/>
  <testcase classname="com.automation.tests.Register" name="verifyRegisteringAccountwithExistingEmail" time="7.549"/>
  <testcase classname="com.automation.tests.Register" name="verifyRegisteringAccountwithoutFillingAnyDetails" time="7.213"/>
</testsuite> <!-- com.automation.tests.Register -->
