<?xml version="1.0" encoding="UTF-8"?>
<!-- Generated by org.testng.reporters.JUnitReportReporter -->
<testsuite hostname="Saketh-Laptop" failures="0" tests="3" name="com.automation.tests.Search" time="14.678" errors="0" timestamp="2025-08-08T22:14:52 CEST" skipped="0">
  <testcase classname="com.automation.tests.Search" name="verifySearchwithValidProduct" time="5.319"/>
  <testcase classname="com.automation.tests.Search" name="verifySearchwithInvalidProduct" time="4.456"/>
  <testcase classname="com.automation.tests.Search" name="verifySearchwithoutProduct" time="4.903"/>
</testsuite> <!-- com.automation.tests.Search -->
